Determining if the Q_WS_WIN exist failed with the following output:
Change Dir: /home/nasete/cod3s/cpp/kamoso/build/CMakeFiles/CMakeTmp

Run Build Command:/usr/bin/make "cmTryCompileExec/fast"
/usr/bin/make -f CMakeFiles/cmTryCompileExec.dir/build.make CMakeFiles/cmTryCompileExec.dir/build
make[1]: Entering directory `/home/nasete/cod3s/cpp/kamoso/build/CMakeFiles/CMakeTmp'
/usr/bin/cmake -E cmake_progress_report /home/nasete/cod3s/cpp/kamoso/build/CMakeFiles/CMakeTmp/CMakeFiles 1
Building C object CMakeFiles/cmTryCompileExec.dir/CheckSymbolExists.c.o
/usr/bin/gcc   -I/home/nasete/cod3s/cpp/kde/bin/qt/include   -o CMakeFiles/cmTryCompileExec.dir/CheckSymbolExists.c.o   -c /home/nasete/cod3s/cpp/kamoso/build/CMakeFiles/CMakeTmp/CheckSymbolExists.c
/home/nasete/cod3s/cpp/kamoso/build/CMakeFiles/CMakeTmp/CheckSymbolExists.c: In function ‘main’:
/home/nasete/cod3s/cpp/kamoso/build/CMakeFiles/CMakeTmp/CheckSymbolExists.c:8: error: ‘Q_WS_WIN’ undeclared (first use in this function)
/home/nasete/cod3s/cpp/kamoso/build/CMakeFiles/CMakeTmp/CheckSymbolExists.c:8: error: (Each undeclared identifier is reported only once
/home/nasete/cod3s/cpp/kamoso/build/CMakeFiles/CMakeTmp/CheckSymbolExists.c:8: error: for each function it appears in.)
make[1]: *** [CMakeFiles/cmTryCompileExec.dir/CheckSymbolExists.c.o] Error 1
make[1]: Leaving directory `/home/nasete/cod3s/cpp/kamoso/build/CMakeFiles/CMakeTmp'
make: *** [cmTryCompileExec/fast] Error 2

File /home/nasete/cod3s/cpp/kamoso/build/CMakeFiles/CMakeTmp/CheckSymbolExists.c:
/* */
#include <QtCore/qglobal.h>

void cmakeRequireSymbol(int dummy,...){(void)dummy;}
int main()
{
#ifndef Q_WS_WIN
  cmakeRequireSymbol(0,&Q_WS_WIN);
#endif
  return 0;
}

Determining if the Q_WS_QWS exist failed with the following output:
Change Dir: /home/nasete/cod3s/cpp/kamoso/build/CMakeFiles/CMakeTmp

Run Build Command:/usr/bin/make "cmTryCompileExec/fast"
/usr/bin/make -f CMakeFiles/cmTryCompileExec.dir/build.make CMakeFiles/cmTryCompileExec.dir/build
make[1]: Entering directory `/home/nasete/cod3s/cpp/kamoso/build/CMakeFiles/CMakeTmp'
/usr/bin/cmake -E cmake_progress_report /home/nasete/cod3s/cpp/kamoso/build/CMakeFiles/CMakeTmp/CMakeFiles 1
Building C object CMakeFiles/cmTryCompileExec.dir/CheckSymbolExists.c.o
/usr/bin/gcc   -I/home/nasete/cod3s/cpp/kde/bin/qt/include   -o CMakeFiles/cmTryCompileExec.dir/CheckSymbolExists.c.o   -c /home/nasete/cod3s/cpp/kamoso/build/CMakeFiles/CMakeTmp/CheckSymbolExists.c
/home/nasete/cod3s/cpp/kamoso/build/CMakeFiles/CMakeTmp/CheckSymbolExists.c: In function ‘main’:
/home/nasete/cod3s/cpp/kamoso/build/CMakeFiles/CMakeTmp/CheckSymbolExists.c:8: error: ‘Q_WS_QWS’ undeclared (first use in this function)
/home/nasete/cod3s/cpp/kamoso/build/CMakeFiles/CMakeTmp/CheckSymbolExists.c:8: error: (Each undeclared identifier is reported only once
/home/nasete/cod3s/cpp/kamoso/build/CMakeFiles/CMakeTmp/CheckSymbolExists.c:8: error: for each function it appears in.)
make[1]: *** [CMakeFiles/cmTryCompileExec.dir/CheckSymbolExists.c.o] Error 1
make[1]: Leaving directory `/home/nasete/cod3s/cpp/kamoso/build/CMakeFiles/CMakeTmp'
make: *** [cmTryCompileExec/fast] Error 2

File /home/nasete/cod3s/cpp/kamoso/build/CMakeFiles/CMakeTmp/CheckSymbolExists.c:
/* */
#include <QtCore/qglobal.h>

void cmakeRequireSymbol(int dummy,...){(void)dummy;}
int main()
{
#ifndef Q_WS_QWS
  cmakeRequireSymbol(0,&Q_WS_QWS);
#endif
  return 0;
}

Determining if the Q_WS_MAC exist failed with the following output:
Change Dir: /home/nasete/cod3s/cpp/kamoso/build/CMakeFiles/CMakeTmp

Run Build Command:/usr/bin/make "cmTryCompileExec/fast"
/usr/bin/make -f CMakeFiles/cmTryCompileExec.dir/build.make CMakeFiles/cmTryCompileExec.dir/build
make[1]: Entering directory `/home/nasete/cod3s/cpp/kamoso/build/CMakeFiles/CMakeTmp'
/usr/bin/cmake -E cmake_progress_report /home/nasete/cod3s/cpp/kamoso/build/CMakeFiles/CMakeTmp/CMakeFiles 1
Building C object CMakeFiles/cmTryCompileExec.dir/CheckSymbolExists.c.o
/usr/bin/gcc   -I/home/nasete/cod3s/cpp/kde/bin/qt/include   -o CMakeFiles/cmTryCompileExec.dir/CheckSymbolExists.c.o   -c /home/nasete/cod3s/cpp/kamoso/build/CMakeFiles/CMakeTmp/CheckSymbolExists.c
/home/nasete/cod3s/cpp/kamoso/build/CMakeFiles/CMakeTmp/CheckSymbolExists.c: In function ‘main’:
/home/nasete/cod3s/cpp/kamoso/build/CMakeFiles/CMakeTmp/CheckSymbolExists.c:8: error: ‘Q_WS_MAC’ undeclared (first use in this function)
/home/nasete/cod3s/cpp/kamoso/build/CMakeFiles/CMakeTmp/CheckSymbolExists.c:8: error: (Each undeclared identifier is reported only once
/home/nasete/cod3s/cpp/kamoso/build/CMakeFiles/CMakeTmp/CheckSymbolExists.c:8: error: for each function it appears in.)
make[1]: *** [CMakeFiles/cmTryCompileExec.dir/CheckSymbolExists.c.o] Error 1
make[1]: Leaving directory `/home/nasete/cod3s/cpp/kamoso/build/CMakeFiles/CMakeTmp'
make: *** [cmTryCompileExec/fast] Error 2

File /home/nasete/cod3s/cpp/kamoso/build/CMakeFiles/CMakeTmp/CheckSymbolExists.c:
/* */
#include <QtCore/qglobal.h>

void cmakeRequireSymbol(int dummy,...){(void)dummy;}
int main()
{
#ifndef Q_WS_MAC
  cmakeRequireSymbol(0,&Q_WS_MAC);
#endif
  return 0;
}

Determining if the function pthread_create exists in the pthreads failed with the following output:
Change Dir: /home/nasete/cod3s/cpp/kamoso/build/CMakeFiles/CMakeTmp

Run Build Command:/usr/bin/make "cmTryCompileExec/fast"
/usr/bin/make -f CMakeFiles/cmTryCompileExec.dir/build.make CMakeFiles/cmTryCompileExec.dir/build
make[1]: Entering directory `/home/nasete/cod3s/cpp/kamoso/build/CMakeFiles/CMakeTmp'
/usr/bin/cmake -E cmake_progress_report /home/nasete/cod3s/cpp/kamoso/build/CMakeFiles/CMakeTmp/CMakeFiles 1
Building C object CMakeFiles/cmTryCompileExec.dir/CheckFunctionExists.c.o
/usr/bin/gcc   -DCHECK_FUNCTION_EXISTS=pthread_create   -o CMakeFiles/cmTryCompileExec.dir/CheckFunctionExists.c.o   -c /usr/share/cmake-2.6/Modules/CheckFunctionExists.c
Linking C executable cmTryCompileExec
/usr/bin/cmake -E cmake_link_script CMakeFiles/cmTryCompileExec.dir/link.txt --verbose=1
/usr/bin/gcc     -DCHECK_FUNCTION_EXISTS=pthread_create  -fPIC CMakeFiles/cmTryCompileExec.dir/CheckFunctionExists.c.o  -o cmTryCompileExec -rdynamic -lpthreads 
/usr/bin/ld: cannot find -lpthreads
collect2: ld returned 1 exit status
make[1]: *** [cmTryCompileExec] Error 1
make[1]: Leaving directory `/home/nasete/cod3s/cpp/kamoso/build/CMakeFiles/CMakeTmp'
make: *** [cmTryCompileExec/fast] Error 2


